<?xml version="1.0" encoding="UTF-8"?>
<coverage generated="1741355083489" clover="3.2.0">
  <project timestamp="1741355083490" name="All files">
    <metrics statements="19" coveredstatements="0" conditionals="3" coveredconditionals="0" methods="1" coveredmethods="0" elements="23" coveredelements="0" complexity="0" loc="19" ncloc="19" packages="1" files="1" classes="1"/>
    <file name="route.ts" path="C:\Users\merli\Documents\AI Workshop\Feature-Request-App\app\api\requests\[id]\status\route.ts">
      <metrics statements="19" coveredstatements="0" conditionals="3" coveredconditionals="0" methods="1" coveredmethods="0"/>
      <line num="1" count="0" type="stmt"/>
      <line num="2" count="0" type="stmt"/>
      <line num="3" count="0" type="stmt"/>
      <line num="4" count="0" type="stmt"/>
      <line num="6" count="0" type="stmt"/>
      <line num="10" count="0" type="stmt"/>
      <line num="11" count="0" type="stmt"/>
      <line num="13" count="0" type="cond" truecount="0" falsecount="1"/>
      <line num="14" count="0" type="stmt"/>
      <line num="17" count="0" type="cond" truecount="0" falsecount="1"/>
      <line num="18" count="0" type="stmt"/>
      <line num="21" count="0" type="stmt"/>
      <line num="24" count="0" type="stmt"/>
      <line num="25" count="0" type="cond" truecount="0" falsecount="1"/>
      <line num="26" count="0" type="stmt"/>
      <line num="30" count="0" type="stmt"/>
      <line num="35" count="0" type="stmt"/>
      <line num="37" count="0" type="stmt"/>
      <line num="38" count="0" type="stmt"/>
    </file>
  </project>
</coverage>
