{"C:\\Users\\merli\\Documents\\AI Workshop\\Feature-Request-App\\app\\api\\auth\\[...nextauth]\\options.ts": {"path":"C:\\Users\\merli\\Documents\\AI Workshop\\Feature-Request-App\\app\\api\\auth\\[...nextauth]\\options.ts","statementMap":{"0":{"start":{"line":3,"column":13},"end":{"line":3,"column":40}},"1":{"start":{"line":3,"column":40},"end":{"line":16,"column":null}},"2":{"start":{"line":7,"column":6},"end":{"line":13,"column":null}}},"fnMap":{"0":{"name":"(anonymous_1)","decl":{"start":{"line":6,"column":4},"end":{"line":6,"column":10}},"loc":{"start":{"line":6,"column":35},"end":{"line":14,"column":null}}}},"branchMap":{},"s":{"0":17,"1":2,"2":2},"f":{"0":2},"b":{}}
,"C:\\Users\\merli\\Documents\\AI Workshop\\Feature-Request-App\\app\\api\\auth\\[...nextauth]\\route.ts": {"path":"C:\\Users\\merli\\Documents\\AI Workshop\\Feature-Request-App\\app\\api\\auth\\[...nextauth]\\route.ts","statementMap":{"0":{"start":{"line":3,"column":13},"end":{"line":3,"column":24}},"1":{"start":{"line":12,"column":13},"end":{"line":12,"column":21}},"2":{"start":{"line":3,"column":40},"end":{"line":10,"column":null}},"3":{"start":{"line":7,"column":6},"end":{"line":7,"column":null}},"4":{"start":{"line":12,"column":24},"end":{"line":31,"column":null}},"5":{"start":{"line":14,"column":4},"end":{"line":20,"column":null}},"6":{"start":{"line":16,"column":6},"end":{"line":16,"column":null}},"7":{"start":{"line":18,"column":6},"end":{"line":18,"column":null}},"8":{"start":{"line":19,"column":6},"end":{"line":19,"column":null}},"9":{"start":{"line":23,"column":4},"end":{"line":29,"column":null}},"10":{"start":{"line":25,"column":6},"end":{"line":25,"column":null}},"11":{"start":{"line":27,"column":6},"end":{"line":27,"column":null}},"12":{"start":{"line":28,"column":6},"end":{"line":28,"column":null}}},"fnMap":{"0":{"name":"(anonymous_3)","decl":{"start":{"line":6,"column":4},"end":{"line":6,"column":10}},"loc":{"start":{"line":6,"column":35},"end":{"line":8,"column":null}}},"1":{"name":"(anonymous_4)","decl":{"start":{"line":13,"column":7},"end":{"line":13,"column":14}},"loc":{"start":{"line":13,"column":14},"end":{"line":21,"column":null}}},"2":{"name":"(anonymous_5)","decl":{"start":{"line":22,"column":8},"end":{"line":22,"column":15}},"loc":{"start":{"line":22,"column":15},"end":{"line":30,"column":null}}}},"branchMap":{},"s":{"0":1,"1":1,"2":1,"3":1,"4":1,"5":0,"6":0,"7":0,"8":0,"9":0,"10":0,"11":0,"12":0},"f":{"0":1,"1":0,"2":0},"b":{}}
,"C:\\Users\\merli\\Documents\\AI Workshop\\Feature-Request-App\\app\\api\\auth\\login\\route.ts": {"path":"C:\\Users\\merli\\Documents\\AI Workshop\\Feature-Request-App\\app\\api\\auth\\login\\route.ts","statementMap":{"0":{"start":{"line":7,"column":22},"end":{"line":7,"column":27}},"1":{"start":{"line":1,"column":23},"end":{"line":1,"column":null}},"2":{"start":{"line":2,"column":29},"end":{"line":2,"column":null}},"3":{"start":{"line":3,"column":19},"end":{"line":3,"column":null}},"4":{"start":{"line":4,"column":24},"end":{"line":4,"column":null}},"5":{"start":{"line":5,"column":24},"end":{"line":5,"column":null}},"6":{"start":{"line":8,"column":2},"end":{"line":69,"column":null}},"7":{"start":{"line":9,"column":32},"end":{"line":9,"column":null}},"8":{"start":{"line":10,"column":4},"end":{"line":10,"column":null}},"9":{"start":{"line":12,"column":4},"end":{"line":15,"column":null}},"10":{"start":{"line":13,"column":6},"end":{"line":13,"column":null}},"11":{"start":{"line":14,"column":6},"end":{"line":14,"column":null}},"12":{"start":{"line":17,"column":17},"end":{"line":25,"column":null}},"13":{"start":{"line":27,"column":4},"end":{"line":30,"column":null}},"14":{"start":{"line":28,"column":6},"end":{"line":28,"column":null}},"15":{"start":{"line":29,"column":6},"end":{"line":29,"column":null}},"16":{"start":{"line":32,"column":28},"end":{"line":32,"column":null}},"17":{"start":{"line":33,"column":4},"end":{"line":36,"column":null}},"18":{"start":{"line":34,"column":6},"end":{"line":34,"column":null}},"19":{"start":{"line":35,"column":6},"end":{"line":35,"column":null}},"20":{"start":{"line":38,"column":4},"end":{"line":38,"column":null}},"21":{"start":{"line":41,"column":18},"end":{"line":45,"column":null}},"22":{"start":{"line":48,"column":4},"end":{"line":57,"column":null}},"23":{"start":{"line":59,"column":4},"end":{"line":65,"column":null}},"24":{"start":{"line":67,"column":4},"end":{"line":67,"column":null}},"25":{"start":{"line":68,"column":4},"end":{"line":68,"column":null}}},"fnMap":{"0":{"name":"POST","decl":{"start":{"line":7,"column":22},"end":{"line":7,"column":27}},"loc":{"start":{"line":7,"column":43},"end":{"line":70,"column":null}}}},"branchMap":{"0":{"loc":{"start":{"line":12,"column":4},"end":{"line":15,"column":null}},"type":"if","locations":[{"start":{"line":12,"column":4},"end":{"line":15,"column":null}}]},"1":{"loc":{"start":{"line":12,"column":8},"end":{"line":12,"column":29}},"type":"binary-expr","locations":[{"start":{"line":12,"column":8},"end":{"line":12,"column":18}},{"start":{"line":12,"column":18},"end":{"line":12,"column":29}}]},"2":{"loc":{"start":{"line":27,"column":4},"end":{"line":30,"column":null}},"type":"if","locations":[{"start":{"line":27,"column":4},"end":{"line":30,"column":null}}]},"3":{"loc":{"start":{"line":27,"column":8},"end":{"line":27,"column":31}},"type":"binary-expr","locations":[{"start":{"line":27,"column":8},"end":{"line":27,"column":17}},{"start":{"line":27,"column":17},"end":{"line":27,"column":31}}]},"4":{"loc":{"start":{"line":33,"column":4},"end":{"line":36,"column":null}},"type":"if","locations":[{"start":{"line":33,"column":4},"end":{"line":36,"column":null}}]},"5":{"loc":{"start":{"line":44,"column":12},"end":{"line":44,"column":null}},"type":"binary-expr","locations":[{"start":{"line":44,"column":12},"end":{"line":44,"column":21}},{"start":{"line":44,"column":25},"end":{"line":44,"column":null}}]},"6":{"loc":{"start":{"line":63,"column":14},"end":{"line":63,"column":null}},"type":"binary-expr","locations":[{"start":{"line":63,"column":14},"end":{"line":63,"column":23}},{"start":{"line":63,"column":27},"end":{"line":63,"column":null}}]}},"s":{"0":5,"1":1,"2":1,"3":1,"4":1,"5":1,"6":5,"7":5,"8":5,"9":5,"10":1,"11":1,"12":4,"13":3,"14":1,"15":1,"16":2,"17":2,"18":1,"19":1,"20":1,"21":1,"22":1,"23":1,"24":1,"25":1},"f":{"0":5},"b":{"0":[1],"1":[5,5],"2":[1],"3":[3,2],"4":[1],"5":[1,0],"6":[1,0]}}
,"C:\\Users\\merli\\Documents\\AI Workshop\\Feature-Request-App\\app\\api\\auth\\logout\\route.ts": {"path":"C:\\Users\\merli\\Documents\\AI Workshop\\Feature-Request-App\\app\\api\\auth\\logout\\route.ts","statementMap":{"0":{"start":{"line":4,"column":22},"end":{"line":4,"column":null}},"1":{"start":{"line":1,"column":29},"end":{"line":1,"column":null}},"2":{"start":{"line":2,"column":24},"end":{"line":2,"column":null}},"3":{"start":{"line":5,"column":2},"end":{"line":13,"column":null}},"4":{"start":{"line":7,"column":4},"end":{"line":7,"column":null}},"5":{"start":{"line":9,"column":4},"end":{"line":9,"column":null}},"6":{"start":{"line":11,"column":4},"end":{"line":11,"column":null}},"7":{"start":{"line":12,"column":4},"end":{"line":12,"column":null}}},"fnMap":{"0":{"name":"POST","decl":{"start":{"line":4,"column":22},"end":{"line":4,"column":null}},"loc":{"start":{"line":4,"column":22},"end":{"line":14,"column":null}}}},"branchMap":{},"s":{"0":2,"1":1,"2":1,"3":2,"4":2,"5":1,"6":1,"7":1},"f":{"0":2},"b":{}}
,"C:\\Users\\merli\\Documents\\AI Workshop\\Feature-Request-App\\app\\api\\auth\\me\\route.ts": {"path":"C:\\Users\\merli\\Documents\\AI Workshop\\Feature-Request-App\\app\\api\\auth\\me\\route.ts","statementMap":{"0":{"start":{"line":6,"column":22},"end":{"line":6,"column":null}},"1":{"start":{"line":1,"column":26},"end":{"line":1,"column":null}},"2":{"start":{"line":2,"column":23},"end":{"line":2,"column":null}},"3":{"start":{"line":3,"column":29},"end":{"line":3,"column":null}},"4":{"start":{"line":4,"column":24},"end":{"line":4,"column":null}},"5":{"start":{"line":7,"column":2},"end":{"line":36,"column":null}},"6":{"start":{"line":8,"column":18},"end":{"line":8,"column":null}},"7":{"start":{"line":10,"column":4},"end":{"line":12,"column":null}},"8":{"start":{"line":11,"column":6},"end":{"line":11,"column":null}},"9":{"start":{"line":14,"column":20},"end":{"line":14,"column":null}},"10":{"start":{"line":15,"column":4},"end":{"line":17,"column":null}},"11":{"start":{"line":16,"column":6},"end":{"line":16,"column":null}},"12":{"start":{"line":19,"column":17},"end":{"line":26,"column":null}},"13":{"start":{"line":28,"column":4},"end":{"line":30,"column":null}},"14":{"start":{"line":29,"column":6},"end":{"line":29,"column":null}},"15":{"start":{"line":32,"column":4},"end":{"line":32,"column":null}},"16":{"start":{"line":34,"column":4},"end":{"line":34,"column":null}},"17":{"start":{"line":35,"column":4},"end":{"line":35,"column":null}}},"fnMap":{"0":{"name":"GET","decl":{"start":{"line":6,"column":22},"end":{"line":6,"column":null}},"loc":{"start":{"line":6,"column":22},"end":{"line":37,"column":null}}}},"branchMap":{"0":{"loc":{"start":{"line":10,"column":4},"end":{"line":12,"column":null}},"type":"if","locations":[{"start":{"line":10,"column":4},"end":{"line":12,"column":null}}]},"1":{"loc":{"start":{"line":15,"column":4},"end":{"line":17,"column":null}},"type":"if","locations":[{"start":{"line":15,"column":4},"end":{"line":17,"column":null}}]},"2":{"loc":{"start":{"line":28,"column":4},"end":{"line":30,"column":null}},"type":"if","locations":[{"start":{"line":28,"column":4},"end":{"line":30,"column":null}}]}},"s":{"0":5,"1":1,"2":1,"3":1,"4":1,"5":5,"6":5,"7":5,"8":1,"9":4,"10":4,"11":1,"12":3,"13":2,"14":1,"15":1,"16":1,"17":1},"f":{"0":5},"b":{"0":[1],"1":[1],"2":[1]}}
,"C:\\Users\\merli\\Documents\\AI Workshop\\Feature-Request-App\\app\\api\\auth\\register\\route.ts": {"path":"C:\\Users\\merli\\Documents\\AI Workshop\\Feature-Request-App\\app\\api\\auth\\register\\route.ts","statementMap":{"0":{"start":{"line":5,"column":22},"end":{"line":5,"column":27}},"1":{"start":{"line":1,"column":29},"end":{"line":1,"column":null}},"2":{"start":{"line":2,"column":23},"end":{"line":2,"column":null}},"3":{"start":{"line":3,"column":19},"end":{"line":3,"column":null}},"4":{"start":{"line":6,"column":2},"end":{"line":43,"column":null}},"5":{"start":{"line":7,"column":38},"end":{"line":7,"column":null}},"6":{"start":{"line":10,"column":4},"end":{"line":12,"column":null}},"7":{"start":{"line":11,"column":6},"end":{"line":11,"column":null}},"8":{"start":{"line":15,"column":25},"end":{"line":17,"column":null}},"9":{"start":{"line":19,"column":4},"end":{"line":21,"column":null}},"10":{"start":{"line":20,"column":6},"end":{"line":20,"column":null}},"11":{"start":{"line":24,"column":27},"end":{"line":24,"column":null}},"12":{"start":{"line":27,"column":17},"end":{"line":34,"column":null}},"13":{"start":{"line":37,"column":52},"end":{"line":37,"column":null}},"14":{"start":{"line":39,"column":4},"end":{"line":39,"column":null}},"15":{"start":{"line":41,"column":4},"end":{"line":41,"column":null}},"16":{"start":{"line":42,"column":4},"end":{"line":42,"column":null}}},"fnMap":{"0":{"name":"POST","decl":{"start":{"line":5,"column":22},"end":{"line":5,"column":27}},"loc":{"start":{"line":5,"column":43},"end":{"line":44,"column":null}}}},"branchMap":{"0":{"loc":{"start":{"line":10,"column":4},"end":{"line":12,"column":null}},"type":"if","locations":[{"start":{"line":10,"column":4},"end":{"line":12,"column":null}}]},"1":{"loc":{"start":{"line":10,"column":8},"end":{"line":10,"column":38}},"type":"binary-expr","locations":[{"start":{"line":10,"column":8},"end":{"line":10,"column":18}},{"start":{"line":10,"column":18},"end":{"line":10,"column":31}},{"start":{"line":10,"column":31},"end":{"line":10,"column":38}}]},"2":{"loc":{"start":{"line":19,"column":4},"end":{"line":21,"column":null}},"type":"if","locations":[{"start":{"line":19,"column":4},"end":{"line":21,"column":null}}]}},"s":{"0":4,"1":1,"2":1,"3":1,"4":4,"5":4,"6":4,"7":1,"8":3,"9":2,"10":1,"11":1,"12":1,"13":1,"14":1,"15":1,"16":1},"f":{"0":4},"b":{"0":[1],"1":[4,4,4],"2":[1]}}
,"C:\\Users\\merli\\Documents\\AI Workshop\\Feature-Request-App\\app\\api\\requests\\route.ts": {"path":"C:\\Users\\merli\\Documents\\AI Workshop\\Feature-Request-App\\app\\api\\requests\\route.ts","statementMap":{"0":{"start":{"line":11,"column":22},"end":{"line":11,"column":25}},"1":{"start":{"line":93,"column":22},"end":{"line":93,"column":26}},"2":{"start":{"line":1,"column":23},"end":{"line":1,"column":null}},"3":{"start":{"line":2,"column":29},"end":{"line":2,"column":null}},"4":{"start":{"line":3,"column":33},"end":{"line":3,"column":null}},"5":{"start":{"line":4,"column":28},"end":{"line":4,"column":null}},"6":{"start":{"line":6,"column":23},"end":{"line":6,"column":null}},"7":{"start":{"line":7,"column":25},"end":{"line":7,"column":null}},"8":{"start":{"line":8,"column":31},"end":{"line":8,"column":null}},"9":{"start":{"line":9,"column":23},"end":{"line":9,"column":null}},"10":{"start":{"line":12,"column":2},"end":{"line":90,"column":null}},"11":{"start":{"line":13,"column":16},"end":{"line":13,"column":null}},"12":{"start":{"line":14,"column":20},"end":{"line":14,"column":null}},"13":{"start":{"line":15,"column":21},"end":{"line":15,"column":null}},"14":{"start":{"line":16,"column":19},"end":{"line":16,"column":null}},"15":{"start":{"line":17,"column":19},"end":{"line":17,"column":null}},"16":{"start":{"line":20,"column":15},"end":{"line":20,"column":null}},"17":{"start":{"line":21,"column":16},"end":{"line":21,"column":null}},"18":{"start":{"line":23,"column":4},"end":{"line":23,"column":null}},"19":{"start":{"line":23,"column":33},"end":{"line":23,"column":null}},"20":{"start":{"line":24,"column":4},"end":{"line":24,"column":null}},"21":{"start":{"line":24,"column":35},"end":{"line":24,"column":null}},"22":{"start":{"line":27,"column":4},"end":{"line":29,"column":null}},"23":{"start":{"line":28,"column":6},"end":{"line":28,"column":null}},"24":{"start":{"line":32,"column":20},"end":{"line":32,"column":null}},"25":{"start":{"line":33,"column":19},"end":{"line":33,"column":null}},"26":{"start":{"line":36,"column":18},"end":{"line":44,"column":null}},"27":{"start":{"line":47,"column":18},"end":{"line":47,"column":null}},"28":{"start":{"line":48,"column":23},"end":{"line":48,"column":null}},"29":{"start":{"line":51,"column":21},"end":{"line":70,"column":null}},"30":{"start":{"line":73,"column":30},"end":{"line":78,"column":null}},"31":{"start":{"line":73,"column":55},"end":{"line":78,"column":null}},"32":{"start":{"line":80,"column":4},"end":{"line":86,"column":null}},"33":{"start":{"line":88,"column":4},"end":{"line":88,"column":null}},"34":{"start":{"line":89,"column":4},"end":{"line":89,"column":null}},"35":{"start":{"line":94,"column":2},"end":{"line":131,"column":null}},"36":{"start":{"line":96,"column":20},"end":{"line":96,"column":null}},"37":{"start":{"line":98,"column":4},"end":{"line":100,"column":null}},"38":{"start":{"line":99,"column":6},"end":{"line":99,"column":null}},"39":{"start":{"line":102,"column":17},"end":{"line":102,"column":null}},"40":{"start":{"line":103,"column":35},"end":{"line":103,"column":null}},"41":{"start":{"line":105,"column":4},"end":{"line":107,"column":null}},"42":{"start":{"line":106,"column":6},"end":{"line":106,"column":null}},"43":{"start":{"line":110,"column":4},"end":{"line":112,"column":null}},"44":{"start":{"line":111,"column":6},"end":{"line":111,"column":null}},"45":{"start":{"line":114,"column":4},"end":{"line":116,"column":null}},"46":{"start":{"line":115,"column":6},"end":{"line":115,"column":null}},"47":{"start":{"line":118,"column":27},"end":{"line":125,"column":null}},"48":{"start":{"line":127,"column":4},"end":{"line":127,"column":null}},"49":{"start":{"line":129,"column":4},"end":{"line":129,"column":null}},"50":{"start":{"line":130,"column":4},"end":{"line":130,"column":null}}},"fnMap":{"0":{"name":"GET","decl":{"start":{"line":11,"column":22},"end":{"line":11,"column":25}},"loc":{"start":{"line":11,"column":42},"end":{"line":91,"column":null}}},"1":{"name":"(anonymous_4)","decl":{"start":{"line":73,"column":43},"end":{"line":73,"column":55}},"loc":{"start":{"line":73,"column":55},"end":{"line":78,"column":null}}},"2":{"name":"POST","decl":{"start":{"line":93,"column":22},"end":{"line":93,"column":26}},"loc":{"start":{"line":93,"column":43},"end":{"line":132,"column":null}}}},"branchMap":{"0":{"loc":{"start":{"line":20,"column":15},"end":{"line":20,"column":null}},"type":"cond-expr","locations":[{"start":{"line":20,"column":25},"end":{"line":20,"column":45}},{"start":{"line":20,"column":45},"end":{"line":20,"column":null}}]},"1":{"loc":{"start":{"line":21,"column":16},"end":{"line":21,"column":null}},"type":"cond-expr","locations":[{"start":{"line":21,"column":27},"end":{"line":21,"column":48}},{"start":{"line":21,"column":48},"end":{"line":21,"column":null}}]},"2":{"loc":{"start":{"line":23,"column":4},"end":{"line":23,"column":null}},"type":"if","locations":[{"start":{"line":23,"column":4},"end":{"line":23,"column":null}}]},"3":{"loc":{"start":{"line":23,"column":8},"end":{"line":23,"column":33}},"type":"binary-expr","locations":[{"start":{"line":23,"column":8},"end":{"line":23,"column":23}},{"start":{"line":23,"column":23},"end":{"line":23,"column":33}}]},"4":{"loc":{"start":{"line":24,"column":4},"end":{"line":24,"column":null}},"type":"if","locations":[{"start":{"line":24,"column":4},"end":{"line":24,"column":null}}]},"5":{"loc":{"start":{"line":24,"column":8},"end":{"line":24,"column":35}},"type":"binary-expr","locations":[{"start":{"line":24,"column":8},"end":{"line":24,"column":24}},{"start":{"line":24,"column":24},"end":{"line":24,"column":35}}]},"6":{"loc":{"start":{"line":27,"column":4},"end":{"line":29,"column":null}},"type":"if","locations":[{"start":{"line":27,"column":4},"end":{"line":29,"column":null}}]},"7":{"loc":{"start":{"line":27,"column":8},"end":{"line":27,"column":52}},"type":"binary-expr","locations":[{"start":{"line":27,"column":8},"end":{"line":27,"column":18}},{"start":{"line":27,"column":18},"end":{"line":27,"column":52}}]},"8":{"loc":{"start":{"line":37,"column":10},"end":{"line":37,"column":34}},"type":"cond-expr","locations":[{"start":{"line":37,"column":19},"end":{"line":37,"column":32}},{"start":{"line":37,"column":32},"end":{"line":37,"column":34}}]},"9":{"loc":{"start":{"line":38,"column":10},"end":{"line":43,"column":12}},"type":"cond-expr","locations":[{"start":{"line":38,"column":19},"end":{"line":43,"column":10}},{"start":{"line":43,"column":10},"end":{"line":43,"column":12}}]},"10":{"loc":{"start":{"line":64,"column":17},"end":{"line":68,"column":null}},"type":"cond-expr","locations":[{"start":{"line":65,"column":12},"end":{"line":67,"column":null}},{"start":{"line":68,"column":12},"end":{"line":68,"column":null}}]},"11":{"loc":{"start":{"line":76,"column":18},"end":{"line":76,"column":null}},"type":"cond-expr","locations":[{"start":{"line":76,"column":27},"end":{"line":76,"column":64}},{"start":{"line":76,"column":64},"end":{"line":76,"column":null}}]},"12":{"loc":{"start":{"line":76,"column":28},"end":{"line":76,"column":60}},"type":"binary-expr","locations":[{"start":{"line":76,"column":28},"end":{"line":76,"column":55}},{"start":{"line":76,"column":55},"end":{"line":76,"column":60}}]},"13":{"loc":{"start":{"line":77,"column":15},"end":{"line":77,"column":null}},"type":"cond-expr","locations":[{"start":{"line":77,"column":24},"end":{"line":77,"column":52}},{"start":{"line":77,"column":52},"end":{"line":77,"column":null}}]},"14":{"loc":{"start":{"line":98,"column":4},"end":{"line":100,"column":null}},"type":"if","locations":[{"start":{"line":98,"column":4},"end":{"line":100,"column":null}}]},"15":{"loc":{"start":{"line":105,"column":4},"end":{"line":107,"column":null}},"type":"if","locations":[{"start":{"line":105,"column":4},"end":{"line":107,"column":null}}]},"16":{"loc":{"start":{"line":105,"column":8},"end":{"line":105,"column":32}},"type":"binary-expr","locations":[{"start":{"line":105,"column":8},"end":{"line":105,"column":18}},{"start":{"line":105,"column":18},"end":{"line":105,"column":32}}]},"17":{"loc":{"start":{"line":110,"column":4},"end":{"line":112,"column":null}},"type":"if","locations":[{"start":{"line":110,"column":4},"end":{"line":112,"column":null}}]},"18":{"loc":{"start":{"line":114,"column":4},"end":{"line":116,"column":null}},"type":"if","locations":[{"start":{"line":114,"column":4},"end":{"line":116,"column":null}}]}},"s":{"0":13,"1":7,"2":1,"3":1,"4":1,"5":1,"6":1,"7":1,"8":1,"9":1,"10":13,"11":13,"12":13,"13":13,"14":13,"15":13,"16":13,"17":13,"18":13,"19":2,"20":13,"21":1,"22":13,"23":1,"24":12,"25":12,"26":12,"27":12,"28":12,"29":12,"30":11,"31":16,"32":11,"33":1,"34":1,"35":7,"36":7,"37":7,"38":1,"39":6,"40":6,"41":6,"42":2,"43":4,"44":1,"45":3,"46":1,"47":2,"48":1,"49":1,"50":1},"f":{"0":13,"1":16,"2":7},"b":{"0":[5,8],"1":[3,10],"2":[2],"3":[13,11],"4":[1],"5":[13,12],"6":[1],"7":[13,4],"8":[3,9],"9":[2,10],"10":[9,3],"11":[13,3],"12":[13,13],"13":[13,3],"14":[1],"15":[2],"16":[6,5],"17":[1],"18":[1]}}
,"C:\\Users\\merli\\Documents\\AI Workshop\\Feature-Request-App\\app\\api\\requests\\[id]\\route.ts": {"path":"C:\\Users\\merli\\Documents\\AI Workshop\\Feature-Request-App\\app\\api\\requests\\[id]\\route.ts","statementMap":{"0":{"start":{"line":6,"column":22},"end":{"line":6,"column":28}},"1":{"start":{"line":51,"column":22},"end":{"line":51,"column":25}},"2":{"start":{"line":1,"column":23},"end":{"line":1,"column":null}},"3":{"start":{"line":2,"column":29},"end":{"line":2,"column":null}},"4":{"start":{"line":3,"column":33},"end":{"line":3,"column":null}},"5":{"start":{"line":4,"column":28},"end":{"line":4,"column":null}},"6":{"start":{"line":10,"column":2},"end":{"line":48,"column":null}},"7":{"start":{"line":12,"column":20},"end":{"line":12,"column":null}},"8":{"start":{"line":14,"column":4},"end":{"line":16,"column":null}},"9":{"start":{"line":15,"column":6},"end":{"line":15,"column":null}},"10":{"start":{"line":18,"column":22},"end":{"line":18,"column":31}},"11":{"start":{"line":21,"column":27},"end":{"line":23,"column":null}},"12":{"start":{"line":25,"column":4},"end":{"line":27,"column":null}},"13":{"start":{"line":26,"column":6},"end":{"line":26,"column":null}},"14":{"start":{"line":30,"column":4},"end":{"line":32,"column":null}},"15":{"start":{"line":31,"column":6},"end":{"line":31,"column":null}},"16":{"start":{"line":35,"column":4},"end":{"line":37,"column":null}},"17":{"start":{"line":40,"column":4},"end":{"line":42,"column":null}},"18":{"start":{"line":44,"column":4},"end":{"line":44,"column":null}},"19":{"start":{"line":46,"column":4},"end":{"line":46,"column":null}},"20":{"start":{"line":47,"column":4},"end":{"line":47,"column":null}},"21":{"start":{"line":55,"column":2},"end":{"line":88,"column":null}},"22":{"start":{"line":56,"column":22},"end":{"line":56,"column":31}},"23":{"start":{"line":59,"column":20},"end":{"line":59,"column":null}},"24":{"start":{"line":60,"column":19},"end":{"line":60,"column":null}},"25":{"start":{"line":63,"column":27},"end":{"line":70,"column":null}},"26":{"start":{"line":72,"column":4},"end":{"line":74,"column":null}},"27":{"start":{"line":73,"column":6},"end":{"line":73,"column":null}},"28":{"start":{"line":77,"column":29},"end":{"line":82,"column":null}},"29":{"start":{"line":84,"column":4},"end":{"line":84,"column":null}},"30":{"start":{"line":86,"column":4},"end":{"line":86,"column":null}},"31":{"start":{"line":87,"column":4},"end":{"line":87,"column":null}}},"fnMap":{"0":{"name":"DELETE","decl":{"start":{"line":6,"column":22},"end":{"line":6,"column":28}},"loc":{"start":{"line":8,"column":40},"end":{"line":49,"column":null}}},"1":{"name":"GET","decl":{"start":{"line":51,"column":22},"end":{"line":51,"column":25}},"loc":{"start":{"line":53,"column":40},"end":{"line":89,"column":null}}}},"branchMap":{"0":{"loc":{"start":{"line":14,"column":4},"end":{"line":16,"column":null}},"type":"if","locations":[{"start":{"line":14,"column":4},"end":{"line":16,"column":null}}]},"1":{"loc":{"start":{"line":25,"column":4},"end":{"line":27,"column":null}},"type":"if","locations":[{"start":{"line":25,"column":4},"end":{"line":27,"column":null}}]},"2":{"loc":{"start":{"line":30,"column":4},"end":{"line":32,"column":null}},"type":"if","locations":[{"start":{"line":30,"column":4},"end":{"line":32,"column":null}}]},"3":{"loc":{"start":{"line":30,"column":8},"end":{"line":30,"column":84}},"type":"binary-expr","locations":[{"start":{"line":30,"column":8},"end":{"line":30,"column":49}},{"start":{"line":30,"column":53},"end":{"line":30,"column":84}}]},"4":{"loc":{"start":{"line":72,"column":4},"end":{"line":74,"column":null}},"type":"if","locations":[{"start":{"line":72,"column":4},"end":{"line":74,"column":null}}]},"5":{"loc":{"start":{"line":80,"column":18},"end":{"line":80,"column":null}},"type":"cond-expr","locations":[{"start":{"line":80,"column":27},"end":{"line":80,"column":63}},{"start":{"line":80,"column":63},"end":{"line":80,"column":null}}]},"6":{"loc":{"start":{"line":81,"column":15},"end":{"line":81,"column":null}},"type":"cond-expr","locations":[{"start":{"line":81,"column":24},"end":{"line":81,"column":59}},{"start":{"line":81,"column":59},"end":{"line":81,"column":null}}]}},"s":{"0":6,"1":3,"2":1,"3":1,"4":1,"5":1,"6":6,"7":6,"8":6,"9":1,"10":5,"11":5,"12":5,"13":1,"14":4,"15":1,"16":3,"17":3,"18":2,"19":1,"20":1,"21":3,"22":3,"23":3,"24":3,"25":3,"26":2,"27":1,"28":1,"29":1,"30":1,"31":1},"f":{"0":6,"1":3},"b":{"0":[1],"1":[1],"2":[1],"3":[4,2],"4":[1],"5":[0,1],"6":[0,1]}}
,"C:\\Users\\merli\\Documents\\AI Workshop\\Feature-Request-App\\app\\api\\requests\\[id]\\status\\route.ts": {"path":"C:\\Users\\merli\\Documents\\AI Workshop\\Feature-Request-App\\app\\api\\requests\\[id]\\status\\route.ts","statementMap":{"0":{"start":{"line":6,"column":22},"end":{"line":6,"column":null}},"1":{"start":{"line":1,"column":23},"end":{"line":1,"column":null}},"2":{"start":{"line":2,"column":29},"end":{"line":2,"column":null}},"3":{"start":{"line":3,"column":33},"end":{"line":3,"column":null}},"4":{"start":{"line":4,"column":28},"end":{"line":4,"column":null}},"5":{"start":{"line":10,"column":2},"end":{"line":57,"column":null}},"6":{"start":{"line":11,"column":20},"end":{"line":11,"column":null}},"7":{"start":{"line":13,"column":4},"end":{"line":15,"column":null}},"8":{"start":{"line":14,"column":6},"end":{"line":14,"column":null}},"9":{"start":{"line":17,"column":4},"end":{"line":19,"column":null}},"10":{"start":{"line":18,"column":6},"end":{"line":18,"column":null}},"11":{"start":{"line":22,"column":4},"end":{"line":26,"column":null}},"12":{"start":{"line":23,"column":6},"end":{"line":23,"column":null}},"13":{"start":{"line":25,"column":6},"end":{"line":25,"column":null}},"14":{"start":{"line":28,"column":23},"end":{"line":28,"column":null}},"15":{"start":{"line":30,"column":4},"end":{"line":32,"column":null}},"16":{"start":{"line":31,"column":6},"end":{"line":31,"column":null}},"17":{"start":{"line":35,"column":26},"end":{"line":35,"column":null}},"18":{"start":{"line":36,"column":4},"end":{"line":38,"column":null}},"19":{"start":{"line":37,"column":6},"end":{"line":37,"column":null}},"20":{"start":{"line":40,"column":4},"end":{"line":53,"column":null}},"21":{"start":{"line":42,"column":29},"end":{"line":45,"column":null}},"22":{"start":{"line":46,"column":6},"end":{"line":46,"column":null}},"23":{"start":{"line":49,"column":6},"end":{"line":51,"column":null}},"24":{"start":{"line":50,"column":8},"end":{"line":50,"column":null}},"25":{"start":{"line":55,"column":4},"end":{"line":55,"column":null}},"26":{"start":{"line":56,"column":4},"end":{"line":56,"column":null}}},"fnMap":{"0":{"name":"PATCH","decl":{"start":{"line":6,"column":22},"end":{"line":6,"column":null}},"loc":{"start":{"line":8,"column":40},"end":{"line":58,"column":null}}}},"branchMap":{"0":{"loc":{"start":{"line":13,"column":4},"end":{"line":15,"column":null}},"type":"if","locations":[{"start":{"line":13,"column":4},"end":{"line":15,"column":null}}]},"1":{"loc":{"start":{"line":17,"column":4},"end":{"line":19,"column":null}},"type":"if","locations":[{"start":{"line":17,"column":4},"end":{"line":19,"column":null}}]},"2":{"loc":{"start":{"line":30,"column":4},"end":{"line":32,"column":null}},"type":"if","locations":[{"start":{"line":30,"column":4},"end":{"line":32,"column":null}}]},"3":{"loc":{"start":{"line":36,"column":4},"end":{"line":38,"column":null}},"type":"if","locations":[{"start":{"line":36,"column":4},"end":{"line":38,"column":null}}]},"4":{"loc":{"start":{"line":49,"column":6},"end":{"line":51,"column":null}},"type":"if","locations":[{"start":{"line":49,"column":6},"end":{"line":51,"column":null}}]}},"s":{"0":8,"1":1,"2":1,"3":1,"4":1,"5":8,"6":8,"7":8,"8":1,"9":7,"10":1,"11":6,"12":6,"13":1,"14":5,"15":5,"16":1,"17":4,"18":4,"19":1,"20":3,"21":3,"22":1,"23":2,"24":1,"25":1,"26":1},"f":{"0":8},"b":{"0":[1],"1":[1],"2":[1],"3":[1],"4":[1]}}
,"C:\\Users\\merli\\Documents\\AI Workshop\\Feature-Request-App\\app\\api\\upvote\\[id]\\route.ts": {"path":"C:\\Users\\merli\\Documents\\AI Workshop\\Feature-Request-App\\app\\api\\upvote\\[id]\\route.ts","statementMap":{"0":{"start":{"line":56,"column":22},"end":{"line":56,"column":28}},"1":{"start":{"line":7,"column":22},"end":{"line":7,"column":26}},"2":{"start":{"line":1,"column":23},"end":{"line":1,"column":null}},"3":{"start":{"line":2,"column":29},"end":{"line":2,"column":null}},"4":{"start":{"line":3,"column":24},"end":{"line":3,"column":null}},"5":{"start":{"line":4,"column":26},"end":{"line":4,"column":null}},"6":{"start":{"line":11,"column":2},"end":{"line":52,"column":null}},"7":{"start":{"line":12,"column":18},"end":{"line":12,"column":null}},"8":{"start":{"line":13,"column":18},"end":{"line":13,"column":null}},"9":{"start":{"line":14,"column":4},"end":{"line":18,"column":null}},"10":{"start":{"line":15,"column":6},"end":{"line":15,"column":null}},"11":{"start":{"line":17,"column":6},"end":{"line":17,"column":null}},"12":{"start":{"line":20,"column":4},"end":{"line":22,"column":null}},"13":{"start":{"line":21,"column":6},"end":{"line":21,"column":null}},"14":{"start":{"line":24,"column":22},"end":{"line":24,"column":31}},"15":{"start":{"line":27,"column":27},"end":{"line":29,"column":null}},"16":{"start":{"line":31,"column":4},"end":{"line":33,"column":null}},"17":{"start":{"line":32,"column":6},"end":{"line":32,"column":null}},"18":{"start":{"line":36,"column":19},"end":{"line":41,"column":null}},"19":{"start":{"line":43,"column":4},"end":{"line":43,"column":null}},"20":{"start":{"line":46,"column":4},"end":{"line":48,"column":null}},"21":{"start":{"line":47,"column":6},"end":{"line":47,"column":null}},"22":{"start":{"line":50,"column":4},"end":{"line":50,"column":null}},"23":{"start":{"line":51,"column":4},"end":{"line":51,"column":null}},"24":{"start":{"line":60,"column":2},"end":{"line":104,"column":null}},"25":{"start":{"line":61,"column":18},"end":{"line":61,"column":null}},"26":{"start":{"line":62,"column":18},"end":{"line":62,"column":null}},"27":{"start":{"line":63,"column":4},"end":{"line":67,"column":null}},"28":{"start":{"line":64,"column":6},"end":{"line":64,"column":null}},"29":{"start":{"line":66,"column":6},"end":{"line":66,"column":null}},"30":{"start":{"line":69,"column":4},"end":{"line":71,"column":null}},"31":{"start":{"line":70,"column":6},"end":{"line":70,"column":null}},"32":{"start":{"line":73,"column":22},"end":{"line":73,"column":31}},"33":{"start":{"line":76,"column":27},"end":{"line":83,"column":null}},"34":{"start":{"line":86,"column":4},"end":{"line":88,"column":null}},"35":{"start":{"line":87,"column":6},"end":{"line":87,"column":null}},"36":{"start":{"line":91,"column":4},"end":{"line":98,"column":null}},"37":{"start":{"line":100,"column":4},"end":{"line":100,"column":null}},"38":{"start":{"line":102,"column":4},"end":{"line":102,"column":null}},"39":{"start":{"line":103,"column":4},"end":{"line":103,"column":null}}},"fnMap":{"0":{"name":"POST","decl":{"start":{"line":7,"column":22},"end":{"line":7,"column":26}},"loc":{"start":{"line":9,"column":40},"end":{"line":53,"column":null}}},"1":{"name":"DELETE","decl":{"start":{"line":56,"column":22},"end":{"line":56,"column":28}},"loc":{"start":{"line":58,"column":40},"end":{"line":105,"column":null}}}},"branchMap":{"0":{"loc":{"start":{"line":15,"column":16},"end":{"line":15,"column":null}},"type":"cond-expr","locations":[{"start":{"line":15,"column":24},"end":{"line":15,"column":49}},{"start":{"line":15,"column":49},"end":{"line":15,"column":null}}]},"1":{"loc":{"start":{"line":20,"column":4},"end":{"line":22,"column":null}},"type":"if","locations":[{"start":{"line":20,"column":4},"end":{"line":22,"column":null}}]},"2":{"loc":{"start":{"line":31,"column":4},"end":{"line":33,"column":null}},"type":"if","locations":[{"start":{"line":31,"column":4},"end":{"line":33,"column":null}}]},"3":{"loc":{"start":{"line":46,"column":4},"end":{"line":48,"column":null}},"type":"if","locations":[{"start":{"line":46,"column":4},"end":{"line":48,"column":null}}]},"4":{"loc":{"start":{"line":64,"column":16},"end":{"line":64,"column":null}},"type":"cond-expr","locations":[{"start":{"line":64,"column":24},"end":{"line":64,"column":49}},{"start":{"line":64,"column":49},"end":{"line":64,"column":null}}]},"5":{"loc":{"start":{"line":69,"column":4},"end":{"line":71,"column":null}},"type":"if","locations":[{"start":{"line":69,"column":4},"end":{"line":71,"column":null}}]},"6":{"loc":{"start":{"line":86,"column":4},"end":{"line":88,"column":null}},"type":"if","locations":[{"start":{"line":86,"column":4},"end":{"line":88,"column":null}}]}},"s":{"0":6,"1":8,"2":1,"3":1,"4":1,"5":1,"6":8,"7":8,"8":8,"9":8,"10":8,"11":1,"12":7,"13":2,"14":5,"15":5,"16":5,"17":2,"18":3,"19":1,"20":2,"21":1,"22":1,"23":1,"24":6,"25":6,"26":6,"27":6,"28":6,"29":1,"30":5,"31":2,"32":3,"33":3,"34":3,"35":1,"36":2,"37":1,"38":1,"39":1},"f":{"0":8,"1":6},"b":{"0":[6,2],"1":[2],"2":[2],"3":[1],"4":[4,2],"5":[2],"6":[1]}}
}
