{"C:\\Users\\merli\\Documents\\AI Workshop\\Feature-Request-App\\app\\api\\requests\\[id]\\status\\route.ts": {"path":"C:\\Users\\merli\\Documents\\AI Workshop\\Feature-Request-App\\app\\api\\requests\\[id]\\status\\route.ts","statementMap":{"0":{"start":{"line":6,"column":22},"end":{"line":6,"column":null}},"1":{"start":{"line":1,"column":23},"end":{"line":1,"column":null}},"2":{"start":{"line":2,"column":29},"end":{"line":2,"column":null}},"3":{"start":{"line":3,"column":33},"end":{"line":3,"column":null}},"4":{"start":{"line":4,"column":28},"end":{"line":4,"column":null}},"5":{"start":{"line":10,"column":2},"end":{"line":39,"column":null}},"6":{"start":{"line":11,"column":20},"end":{"line":11,"column":null}},"7":{"start":{"line":13,"column":4},"end":{"line":15,"column":null}},"8":{"start":{"line":14,"column":6},"end":{"line":14,"column":null}},"9":{"start":{"line":17,"column":4},"end":{"line":19,"column":null}},"10":{"start":{"line":18,"column":6},"end":{"line":18,"column":null}},"11":{"start":{"line":21,"column":23},"end":{"line":21,"column":null}},"12":{"start":{"line":24,"column":26},"end":{"line":24,"column":null}},"13":{"start":{"line":25,"column":4},"end":{"line":27,"column":null}},"14":{"start":{"line":26,"column":6},"end":{"line":26,"column":null}},"15":{"start":{"line":30,"column":27},"end":{"line":33,"column":null}},"16":{"start":{"line":35,"column":4},"end":{"line":35,"column":null}},"17":{"start":{"line":37,"column":4},"end":{"line":37,"column":null}},"18":{"start":{"line":38,"column":4},"end":{"line":38,"column":null}}},"fnMap":{"0":{"name":"PATCH","decl":{"start":{"line":6,"column":22},"end":{"line":6,"column":null}},"loc":{"start":{"line":8,"column":40},"end":{"line":40,"column":null}}}},"branchMap":{"0":{"loc":{"start":{"line":13,"column":4},"end":{"line":15,"column":null}},"type":"if","locations":[{"start":{"line":13,"column":4},"end":{"line":15,"column":null}}]},"1":{"loc":{"start":{"line":17,"column":4},"end":{"line":19,"column":null}},"type":"if","locations":[{"start":{"line":17,"column":4},"end":{"line":19,"column":null}}]},"2":{"loc":{"start":{"line":25,"column":4},"end":{"line":27,"column":null}},"type":"if","locations":[{"start":{"line":25,"column":4},"end":{"line":27,"column":null}}]}},"s":{"0":0,"1":0,"2":0,"3":0,"4":0,"5":0,"6":0,"7":0,"8":0,"9":0,"10":0,"11":0,"12":0,"13":0,"14":0,"15":0,"16":0,"17":0,"18":0},"f":{"0":0},"b":{"0":[0],"1":[0],"2":[0]}}
}
