TN:
SF:app\api\auth\[...nextauth]\options.ts
FN:16,(anonymous_2)
FN:48,(anonymous_3)
FN:55,(anonymous_4)
FNF:3
FNH:0
FNDA:0,(anonymous_2)
FNDA:0,(anonymous_3)
FNDA:0,(anonymous_4)
DA:2,0
DA:3,0
DA:4,0
DA:5,0
DA:7,0
DA:17,0
DA:18,0
DA:21,0
DA:25,0
DA:26,0
DA:29,0
DA:31,0
DA:32,0
DA:35,0
DA:49,0
DA:50,0
DA:51,0
DA:53,0
DA:56,0
DA:57,0
DA:58,0
DA:60,0
LF:22
LH:0
BRDA:17,0,0,0
BRDA:17,1,0,0
BRDA:17,1,1,0
BRDA:25,2,0,0
BRDA:31,3,0,0
BRDA:49,4,0,0
BRDA:56,5,0,0
BRF:7
BRH:0
end_of_record
TN:
SF:app\api\auth\[...nextauth]\route.ts
FN:6,(anonymous_3)
FN:13,(anonymous_4)
FN:14,(anonymous_5)
FNF:3
FNH:0
FNDA:0,(anonymous_3)
FNDA:0,(anonymous_4)
FNDA:0,(anonymous_5)
DA:3,0
DA:7,0
DA:12,0
LF:3
LH:0
BRF:0
BRH:0
end_of_record
TN:
SF:app\api\auth\login\route.ts
FN:7,POST
FNF:1
FNH:1
FNDA:7,POST
DA:1,1
DA:2,1
DA:3,1
DA:4,1
DA:5,1
DA:7,7
DA:8,7
DA:9,7
DA:10,7
DA:12,7
DA:13,2
DA:16,5
DA:20,4
DA:21,1
DA:24,3
DA:26,2
DA:27,1
DA:31,1
DA:34,1
DA:41,1
DA:42,0
DA:53,1
DA:58,2
DA:59,2
LF:24
LH:23
BRDA:12,0,0,2
BRDA:12,1,0,7
BRDA:12,1,1,6
BRDA:20,2,0,1
BRDA:26,3,0,1
BRDA:37,4,0,1
BRDA:37,4,1,0
BRDA:41,5,0,0
BRDA:55,6,0,1
BRDA:55,6,1,0
BRF:10
BRH:7
end_of_record
TN:
SF:app\api\auth\logout\route.ts
FN:4,POST
FNF:1
FNH:0
FNDA:0,POST
DA:1,0
DA:2,0
DA:4,0
DA:6,0
DA:8,0
LF:5
LH:0
BRF:0
BRH:0
end_of_record
TN:
SF:app\api\auth\me\route.ts
FN:6,GET
FNF:1
FNH:0
FNDA:0,GET
DA:1,0
DA:2,0
DA:3,0
DA:4,0
DA:6,0
DA:7,0
DA:8,0
DA:10,0
DA:11,0
DA:14,0
DA:15,0
DA:16,0
DA:19,0
DA:28,0
DA:29,0
DA:32,0
DA:34,0
DA:35,0
LF:18
LH:0
BRDA:10,0,0,0
BRDA:15,1,0,0
BRDA:28,2,0,0
BRF:3
BRH:0
end_of_record
TN:
SF:app\api\auth\register\route.ts
FN:5,POST
FNF:1
FNH:1
FNDA:8,POST
DA:1,1
DA:2,1
DA:3,1
DA:5,8
DA:6,8
DA:7,8
DA:10,8
DA:11,8
DA:15,0
DA:19,0
DA:20,0
DA:24,0
DA:27,0
DA:37,0
DA:39,0
DA:41,0
DA:42,0
LF:17
LH:8
BRDA:10,0,0,8
BRDA:10,1,0,8
BRDA:10,1,1,7
BRDA:10,1,2,6
BRDA:19,2,0,0
BRF:5
BRH:4
end_of_record
TN:
SF:app\api\register\route.ts
FN:5,POST
FNF:1
FNH:0
FNDA:0,POST
DA:1,0
DA:2,0
DA:3,0
DA:5,0
DA:6,0
DA:7,0
DA:9,0
DA:10,0
DA:13,0
DA:19,0
DA:20,0
DA:23,0
DA:25,0
DA:32,0
DA:34,0
LF:15
LH:0
BRDA:9,0,0,0
BRDA:9,1,0,0
BRDA:9,1,1,0
BRDA:19,2,0,0
BRF:4
BRH:0
end_of_record
TN:
SF:app\api\requests\route.ts
FN:10,GET
FN:52,(anonymous_4)
FN:69,POST
FNF:3
FNH:3
FNDA:3,GET
FNDA:3,(anonymous_4)
FNDA:7,POST
DA:1,1
DA:2,1
DA:3,1
DA:4,1
DA:6,1
DA:7,1
DA:8,1
DA:10,3
DA:11,3
DA:12,3
DA:13,3
DA:14,3
DA:15,3
DA:18,3
DA:19,3
DA:22,3
DA:27,3
DA:30,3
DA:52,3
DA:59,2
DA:64,1
DA:65,1
DA:69,7
DA:70,7
DA:72,7
DA:74,7
DA:75,1
DA:78,6
DA:79,6
DA:81,6
DA:82,2
DA:86,4
DA:87,1
DA:90,3
DA:91,1
DA:94,2
DA:103,1
DA:105,1
DA:106,1
LF:39
LH:39
BRDA:13,0,0,3
BRDA:13,0,1,2
BRDA:14,1,0,3
BRDA:14,1,1,2
BRDA:15,2,0,3
BRDA:15,2,1,3
BRDA:23,3,0,1
BRDA:23,3,1,2
BRDA:43,4,0,0
BRDA:43,4,1,3
BRDA:55,5,0,0
BRDA:55,5,1,3
BRDA:56,6,0,0
BRDA:56,6,1,3
BRDA:74,7,0,1
BRDA:81,8,0,2
BRDA:81,9,0,6
BRDA:81,9,1,5
BRDA:86,10,0,1
BRDA:90,11,0,1
BRF:20
BRH:17
end_of_record
TN:
SF:app\api\requests\[id]\route.ts
FN:18,DELETE
FN:63,GET
FNF:2
FNH:2
FNDA:6,DELETE
FNDA:4,GET
DA:1,1
DA:2,1
DA:3,1
DA:4,1
DA:18,6
DA:22,6
DA:24,6
DA:26,6
DA:27,1
DA:30,5
DA:33,5
DA:37,4
DA:38,1
DA:42,3
DA:43,1
DA:47,2
DA:52,2
DA:56,2
DA:58,1
DA:59,1
DA:63,4
DA:67,4
DA:68,4
DA:69,4
DA:71,4
DA:83,3
DA:84,1
DA:88,2
DA:96,2
DA:97,2
DA:99,2
DA:101,1
DA:102,1
LF:33
LH:33
BRDA:26,0,0,1
BRDA:37,1,0,1
BRDA:42,2,0,1
BRDA:42,3,0,3
BRDA:42,3,1,2
BRDA:77,4,0,3
BRDA:77,4,1,1
BRDA:83,5,0,1
BRDA:91,6,0,0
BRDA:91,6,1,2
BRF:10
BRH:9
end_of_record
TN:
SF:app\api\requests\[id]\status\route.ts
FN:6,PATCH
FNF:1
FNH:1
FNDA:5,PATCH
DA:1,1
DA:2,1
DA:3,1
DA:4,1
DA:6,5
DA:10,5
DA:11,5
DA:13,5
DA:14,1
DA:17,4
DA:18,1
DA:21,3
DA:24,3
DA:25,3
DA:26,1
DA:30,2
DA:35,1
DA:37,1
DA:38,1
LF:19
LH:19
BRDA:13,0,0,1
BRDA:17,1,0,1
BRDA:25,2,0,1
BRF:3
BRH:3
end_of_record
TN:
SF:app\api\test-auth\route.ts
FN:5,POST
FNF:1
FNH:0
FNDA:0,POST
DA:1,0
DA:2,0
DA:3,0
DA:5,0
DA:6,0
DA:8,0
DA:12,0
DA:13,0
DA:22,0
DA:26,0
DA:27,0
LF:11
LH:0
BRDA:12,0,0,0
BRF:1
BRH:0
end_of_record
TN:
SF:app\api\upvote\[id]\route.ts
FN:7,POST
FN:51,DELETE
FNF:2
FNH:0
FNDA:0,POST
FNDA:0,DELETE
DA:1,0
DA:2,0
DA:3,0
DA:4,0
DA:7,0
DA:11,0
DA:12,0
DA:13,0
DA:15,0
DA:16,0
DA:19,0
DA:22,0
DA:26,0
DA:27,0
DA:31,0
DA:38,0
DA:41,0
DA:42,0
DA:45,0
DA:46,0
DA:51,0
DA:55,0
DA:56,0
DA:57,0
DA:59,0
DA:60,0
DA:63,0
DA:66,0
DA:76,0
DA:77,0
DA:81,0
DA:90,0
DA:92,0
DA:93,0
LF:34
LH:0
BRDA:13,0,0,0
BRDA:13,0,1,0
BRDA:15,1,0,0
BRDA:26,2,0,0
BRDA:41,3,0,0
BRDA:57,4,0,0
BRDA:57,4,1,0
BRDA:59,5,0,0
BRDA:76,6,0,0
BRF:9
BRH:0
end_of_record
