TN:
SF:app\api\auth\[...nextauth]\options.ts
FN:6,(anonymous_1)
FNF:1
FNH:0
FNDA:0,(anonymous_1)
DA:3,8
DA:7,0
LF:2
LH:1
BRF:0
BRH:0
end_of_record
TN:
SF:app\api\auth\[...nextauth]\route.ts
FN:6,(anonymous_3)
FN:13,(anonymous_4)
FN:14,(anonymous_5)
FNF:3
FNH:1
FNDA:1,(anonymous_3)
FNDA:0,(anonymous_4)
FNDA:0,(anonymous_5)
DA:3,1
DA:7,1
DA:12,1
LF:3
LH:3
BRF:0
BRH:0
end_of_record
TN:
SF:app\api\auth\login\route.ts
FN:7,POST
FNF:1
FNH:1
FNDA:5,POST
DA:1,1
DA:2,1
DA:3,1
DA:4,1
DA:5,1
DA:7,5
DA:8,5
DA:9,5
DA:10,5
DA:12,5
DA:13,1
DA:14,1
DA:17,4
DA:27,3
DA:28,1
DA:29,1
DA:32,2
DA:33,2
DA:34,1
DA:35,1
DA:38,1
DA:41,1
DA:48,1
DA:59,1
DA:67,1
DA:68,1
LF:26
LH:26
BRDA:12,0,0,1
BRDA:12,1,0,5
BRDA:12,1,1,5
BRDA:27,2,0,1
BRDA:27,3,0,3
BRDA:27,3,1,2
BRDA:33,4,0,1
BRDA:44,5,0,1
BRDA:44,5,1,0
BRDA:63,6,0,1
BRDA:63,6,1,0
BRF:11
BRH:9
end_of_record
TN:
SF:app\api\auth\logout\route.ts
FN:4,POST
FNF:1
FNH:1
FNDA:2,POST
DA:1,1
DA:2,1
DA:4,2
DA:6,2
DA:8,1
LF:5
LH:5
BRF:0
BRH:0
end_of_record
TN:
SF:app\api\auth\me\route.ts
FN:6,GET
FNF:1
FNH:1
FNDA:5,GET
DA:1,1
DA:2,1
DA:3,1
DA:4,1
DA:6,5
DA:7,5
DA:8,5
DA:10,5
DA:11,1
DA:14,4
DA:15,4
DA:16,1
DA:19,3
DA:28,2
DA:29,1
DA:32,1
DA:34,1
DA:35,1
LF:18
LH:18
BRDA:10,0,0,1
BRDA:15,1,0,1
BRDA:28,2,0,1
BRF:3
BRH:3
end_of_record
TN:
SF:app\api\auth\register\route.ts
FN:5,POST
FNF:1
FNH:1
FNDA:4,POST
DA:1,1
DA:2,1
DA:3,1
DA:5,4
DA:6,4
DA:7,4
DA:10,4
DA:11,1
DA:15,3
DA:19,2
DA:20,1
DA:24,1
DA:27,1
DA:37,1
DA:39,1
DA:41,1
DA:42,1
LF:17
LH:17
BRDA:10,0,0,1
BRDA:10,1,0,4
BRDA:10,1,1,4
BRDA:10,1,2,4
BRDA:19,2,0,1
BRF:5
BRH:5
end_of_record
TN:
SF:app\api\register\route.ts
FN:5,POST
FNF:1
FNH:0
FNDA:0,POST
DA:1,0
DA:2,0
DA:3,0
DA:5,0
DA:6,0
DA:7,0
DA:9,0
DA:10,0
DA:13,0
DA:19,0
DA:20,0
DA:23,0
DA:25,0
DA:32,0
DA:34,0
LF:15
LH:0
BRDA:9,0,0,0
BRDA:9,1,0,0
BRDA:9,1,1,0
BRDA:19,2,0,0
BRF:4
BRH:0
end_of_record
TN:
SF:app\api\requests\route.ts
FN:10,GET
FN:52,(anonymous_4)
FN:69,POST
FNF:3
FNH:3
FNDA:3,GET
FNDA:3,(anonymous_4)
FNDA:7,POST
DA:1,1
DA:2,1
DA:3,1
DA:4,1
DA:6,1
DA:7,1
DA:8,1
DA:10,3
DA:11,3
DA:12,3
DA:13,3
DA:14,3
DA:15,3
DA:18,3
DA:19,3
DA:22,3
DA:27,3
DA:30,3
DA:52,3
DA:59,2
DA:64,1
DA:65,1
DA:69,7
DA:70,7
DA:72,7
DA:74,7
DA:75,1
DA:78,6
DA:79,6
DA:81,6
DA:82,2
DA:86,4
DA:87,1
DA:90,3
DA:91,1
DA:94,2
DA:103,1
DA:105,1
DA:106,1
LF:39
LH:39
BRDA:13,0,0,3
BRDA:13,0,1,2
BRDA:14,1,0,3
BRDA:14,1,1,2
BRDA:15,2,0,3
BRDA:15,2,1,3
BRDA:23,3,0,1
BRDA:23,3,1,2
BRDA:43,4,0,0
BRDA:43,4,1,3
BRDA:55,5,0,0
BRDA:55,5,1,3
BRDA:56,6,0,0
BRDA:56,6,1,3
BRDA:74,7,0,1
BRDA:81,8,0,2
BRDA:81,9,0,6
BRDA:81,9,1,5
BRDA:86,10,0,1
BRDA:90,11,0,1
BRF:20
BRH:17
end_of_record
TN:
SF:app\api\requests\[id]\route.ts
FN:6,DELETE
FN:51,GET
FNF:2
FNH:2
FNDA:5,DELETE
FNDA:3,GET
DA:1,1
DA:2,1
DA:3,1
DA:4,1
DA:6,5
DA:10,5
DA:12,5
DA:14,5
DA:15,1
DA:18,4
DA:21,4
DA:25,4
DA:26,1
DA:30,3
DA:31,1
DA:35,2
DA:40,2
DA:44,1
DA:46,1
DA:47,1
DA:51,3
DA:55,3
DA:56,3
DA:59,3
DA:60,3
DA:63,3
DA:72,2
DA:73,1
DA:77,1
DA:84,1
DA:86,1
DA:87,1
LF:32
LH:32
BRDA:14,0,0,1
BRDA:25,1,0,1
BRDA:30,2,0,1
BRDA:30,3,0,3
BRDA:30,3,1,1
BRDA:72,4,0,1
BRDA:80,5,0,0
BRDA:80,5,1,1
BRDA:81,6,0,0
BRDA:81,6,1,1
BRF:10
BRH:8
end_of_record
TN:
SF:app\api\requests\[id]\status\route.ts
FN:6,PATCH
FNF:1
FNH:1
FNDA:5,PATCH
DA:1,1
DA:2,1
DA:3,1
DA:4,1
DA:6,5
DA:10,5
DA:11,5
DA:13,5
DA:14,1
DA:17,4
DA:18,1
DA:21,3
DA:24,3
DA:25,3
DA:26,1
DA:30,2
DA:35,1
DA:37,1
DA:38,1
LF:19
LH:19
BRDA:13,0,0,1
BRDA:17,1,0,1
BRDA:25,2,0,1
BRF:3
BRH:3
end_of_record
TN:
SF:app\api\test-auth\route.ts
FN:5,POST
FNF:1
FNH:0
FNDA:0,POST
DA:1,0
DA:2,0
DA:3,0
DA:5,0
DA:6,0
DA:8,0
DA:12,0
DA:13,0
DA:22,0
DA:26,0
DA:27,0
LF:11
LH:0
BRDA:12,0,0,0
BRF:1
BRH:0
end_of_record
TN:
SF:app\api\upvote\[id]\route.ts
FN:7,POST
FN:51,DELETE
FNF:2
FNH:2
FNDA:4,POST
FNDA:3,DELETE
DA:1,1
DA:2,1
DA:3,1
DA:4,1
DA:7,4
DA:11,4
DA:12,4
DA:13,4
DA:15,4
DA:16,1
DA:19,3
DA:22,3
DA:26,3
DA:27,1
DA:31,2
DA:38,1
DA:41,1
DA:42,1
DA:45,0
DA:46,0
DA:51,3
DA:55,3
DA:56,3
DA:57,3
DA:59,3
DA:60,1
DA:63,2
DA:66,2
DA:76,2
DA:77,1
DA:81,1
DA:90,1
DA:92,0
DA:93,0
LF:34
LH:30
BRDA:13,0,0,3
BRDA:13,0,1,1
BRDA:15,1,0,1
BRDA:26,2,0,1
BRDA:41,3,0,1
BRDA:57,4,0,2
BRDA:57,4,1,1
BRDA:59,5,0,1
BRDA:76,6,0,1
BRF:9
BRH:9
end_of_record
